#
# An unexpected error has been detected by Java Runtime Environment:
#
#  EXCEPTION_ACCESS_VIOLATION (0xc0000005) at pc=0x6d386abd, pid=3680, tid=4244
#
# Java VM: Java HotSpot(TM) Client VM (1.6.0_01-b06 mixed mode, sharing)
# Problematic frame:
# C  [fontmanager.dll+0x26abd]
#
# If you would like to submit a bug report, please visit:
#   http://java.sun.com/webapps/bugreport/crash.jsp
#

---------------  T H R E A D  ---------------

Current thread (0x044d6800):  JavaThread "Thread-2" [_thread_in_native, id=4244]

siginfo: ExceptionCode=0xc0000005, reading address 0x00000008

Registers:
EAX=0x000001a0, EBX=0x2c1b2d30, ECX=0x044d68e8, EDX=0x0412f8a8
ESP=0x0412f864, EBP=0x0412f888, ESI=0x00000004, EDI=0x0455c4e8
EIP=0x6d386abd, EFLAGS=0x00010246

Top of Stack: (sp=0x0412f864)
0x0412f864:   044d6800 2b92b850 2c1b2d30 2c1c1010
0x0412f874:   00000000 0412f8a8 0188d97c 00000001
0x0412f884:   00000000 0412f8d0 017eabc1 044d68e8
0x0412f894:   0412f8ec 0455c4e8 00000000 00000013
0x0412f8a4:   0412f8a8 00000001 23e7e6d8 0412f8a8
0x0412f8b4:   00000000 0412f8ec 2c1b2990 00000000
0x0412f8c4:   2c1b2d30 00000000 0412f8f0 0412f918
0x0412f8d4:   018a5d88 00000000 017e8419 00000013 

Instructions: (pc=0x6d386abd)
0x6d386aad:   18 83 65 fc 00 53 56 57 8b 7d 10 8b 47 30 8b 37
0x6d386abd:   8b 5e 04 89 45 14 8b 47 48 89 45 f0 8b 47 4c 83 


Stack: [0x040e0000,0x04130000),  sp=0x0412f864,  free space=318k
Native frames: (J=compiled Java code, j=interpreted, Vv=VM code, C=native code)
C  [fontmanager.dll+0x26abd]
j  sun.font.FileFont.getGlyphImage(JI)J+0
J  sun.font.FileFontStrike.getGlyphImagePtrs([I[JI)V
j  sun.font.GlyphList.mapChars(Lsun/java2d/loops/FontInfo;I)Z+37
j  sun.font.GlyphList.setFromString(Lsun/java2d/loops/FontInfo;Ljava/lang/String;FF)Z+71
j  sun.java2d.pipe.GlyphListPipe.drawString(Lsun/java2d/SunGraphics2D;Ljava/lang/String;DD)V+148
j  sun.java2d.SunGraphics2D.drawString(Ljava/lang/String;II)V+60
j  soccer.Pitch.paintField(Ljava/awt/Graphics;)V+135
j  soccer.Pitch.flushGraphics()V+20
j  soccer.Pitch.run()V+42
j  java.lang.Thread.run()V+11
v  ~StubRoutines::call_stub

Java frames: (J=compiled Java code, j=interpreted, Vv=VM code)
j  sun.font.FileFont.getGlyphImage(JI)J+0
J  sun.font.FileFontStrike.getGlyphImagePtrs([I[JI)V
j  sun.font.GlyphList.mapChars(Lsun/java2d/loops/FontInfo;I)Z+37
j  sun.font.GlyphList.setFromString(Lsun/java2d/loops/FontInfo;Ljava/lang/String;FF)Z+71
j  sun.java2d.pipe.GlyphListPipe.drawString(Lsun/java2d/SunGraphics2D;Ljava/lang/String;DD)V+148
j  sun.java2d.SunGraphics2D.drawString(Ljava/lang/String;II)V+60
j  soccer.Pitch.paintField(Ljava/awt/Graphics;)V+135
j  soccer.Pitch.flushGraphics()V+20
j  soccer.Pitch.run()V+42
j  java.lang.Thread.run()V+11
v  ~StubRoutines::call_stub

---------------  P R O C E S S  ---------------

Java Threads: ( => current thread )
  0x00027000 JavaThread "DestroyJavaVM" [_thread_blocked, id=172]
=>0x044d6800 JavaThread "Thread-2" [_thread_in_native, id=4244]
  0x017df800 JavaThread "AWT-EventQueue-0" [_thread_blocked, id=4888]
  0x017d4000 JavaThread "AWT-Windows" daemon [_thread_in_native, id=2236]
  0x017d3c00 JavaThread "AWT-Shutdown" [_thread_blocked, id=5128]
  0x017d3000 JavaThread "Java2D Disposer" daemon [_thread_blocked, id=4608]
  0x01762800 JavaThread "Low Memory Detector" daemon [_thread_blocked, id=5528]
  0x0175d400 JavaThread "CompilerThread0" daemon [_thread_blocked, id=2432]
  0x0175b000 JavaThread "Attach Listener" daemon [_thread_blocked, id=2408]
  0x0175a800 JavaThread "Signal Dispatcher" daemon [_thread_blocked, id=4188]
  0x0171b800 JavaThread "Finalizer" daemon [_thread_blocked, id=5736]
  0x01712c00 JavaThread "Reference Handler" daemon [_thread_blocked, id=5412]

Other Threads:
  0x01709c00 VMThread [id=2780]
  0x01764400 WatcherThread [id=3820]

VM state:not at safepoint (normal execution)

VM Mutex/Monitor currently owned by a thread: None

Heap
 def new generation   total 960K, used 12K [0x23800000, 0x23900000, 0x23ce0000)
  eden space 896K,   1% used [0x23800000, 0x23803368, 0x238e0000)
  from space 64K,   0% used [0x238f0000, 0x238f0000, 0x23900000)
  to   space 64K,   0% used [0x238e0000, 0x238e0000, 0x238f0000)
 tenured generation   total 7752K, used 5361K [0x23ce0000, 0x24472000, 0x27800000)
   the space 7752K,  69% used [0x23ce0000, 0x2421c438, 0x2421c600, 0x24472000)
 compacting perm gen  total 12288K, used 285K [0x27800000, 0x28400000, 0x2b800000)
   the space 12288K,   2% used [0x27800000, 0x27847560, 0x27847600, 0x28400000)
    ro space 8192K,  66% used [0x2b800000, 0x2bd4c5d0, 0x2bd4c600, 0x2c000000)
    rw space 12288K,  52% used [0x2c000000, 0x2c648c98, 0x2c648e00, 0x2cc00000)

Dynamic libraries:
0x00400000 - 0x00423000 	C:\Program Files\Java\jdk1.6.0_01\jre\bin\java.exe
0x778a0000 - 0x779be000 	C:\Windows\system32\ntdll.dll
0x774d0000 - 0x775a8000 	C:\Windows\system32\kernel32.dll
0x776d0000 - 0x7778f000 	C:\Windows\system32\ADVAPI32.dll
0x76eb0000 - 0x76f73000 	C:\Windows\system32\RPCRT4.dll
0x7c340000 - 0x7c396000 	C:\Program Files\Java\jdk1.6.0_01\jre\bin\msvcr71.dll
0x6d870000 - 0x6dab7000 	C:\Program Files\Java\jdk1.6.0_01\jre\bin\client\jvm.dll
0x76cc0000 - 0x76d5e000 	C:\Windows\system32\USER32.dll
0x775b0000 - 0x775fb000 	C:\Windows\system32\GDI32.dll
0x749d0000 - 0x74a03000 	C:\Windows\system32\WINMM.dll
0x777f0000 - 0x7789a000 	C:\Windows\system32\msvcrt.dll
0x76d60000 - 0x76ea4000 	C:\Windows\system32\ole32.dll
0x77260000 - 0x772ec000 	C:\Windows\system32\OLEAUT32.dll
0x74990000 - 0x749c8000 	C:\Windows\system32\OLEACC.dll
0x77a80000 - 0x77a9e000 	C:\Windows\system32\IMM32.DLL
0x76f80000 - 0x77047000 	C:\Windows\system32\MSCTF.dll
0x75f90000 - 0x75fbc000 	C:\Windows\system32\apphelp.dll
0x779c0000 - 0x779c9000 	C:\Windows\system32\LPK.DLL
0x77050000 - 0x770cd000 	C:\Windows\system32\USP10.dll
0x6d3c0000 - 0x6d3c8000 	C:\Program Files\Java\jdk1.6.0_01\jre\bin\hpi.dll
0x760c0000 - 0x760c7000 	C:\Windows\system32\PSAPI.DLL
0x6d820000 - 0x6d82c000 	C:\Program Files\Java\jdk1.6.0_01\jre\bin\verify.dll
0x6d460000 - 0x6d47f000 	C:\Program Files\Java\jdk1.6.0_01\jre\bin\java.dll
0x6d860000 - 0x6d86f000 	C:\Program Files\Java\jdk1.6.0_01\jre\bin\zip.dll
0x6d0b0000 - 0x6d273000 	C:\Program Files\Java\jdk1.6.0_01\jre\bin\awt.dll
0x72810000 - 0x72851000 	C:\Windows\system32\WINSPOOL.DRV
0x74e70000 - 0x74eaf000 	C:\Windows\system32\uxtheme.dll
0x6d360000 - 0x6d3b3000 	C:\Program Files\Java\jdk1.6.0_01\jre\bin\fontmanager.dll
0x76160000 - 0x76c2e000 	C:\Windows\system32\shell32.dll
0x77790000 - 0x777e5000 	C:\Windows\system32\SHLWAPI.dll
0x74eb0000 - 0x75044000 	C:\Windows\WinSxS\x86_microsoft.windows.common-controls_6595b64144ccf1df_6.0.6000.16386_none_5d07289e07e1d100\comctl32.dll
0x6d2a0000 - 0x6d2cf000 	C:\Program Files\Java\jdk1.6.0_01\jre\bin\cmm.dll
0x6d620000 - 0x6d633000 	C:\Program Files\Java\jdk1.6.0_01\jre\bin\net.dll
0x77aa0000 - 0x77acd000 	C:\Windows\system32\WS2_32.dll
0x770d0000 - 0x770d6000 	C:\Windows\system32\NSI.dll
0x757f0000 - 0x7582b000 	C:\Windows\system32\mswsock.dll
0x75850000 - 0x75856000 	C:\Windows\System32\wship6.dll
0x6d640000 - 0x6d649000 	C:\Program Files\Java\jdk1.6.0_01\jre\bin\nio.dll

VM Arguments:
jvm_args: -Djava.security.policy=applet.policy
java_command: soccer.Main
Launcher Type: SUN_STANDARD

Environment Variables:
PATH=C:\Windows\system32;C:\Windows;C:\Windows\System32\Wbem;C:\Program Files\Common Files\Roxio Shared\DLLShared\;C:\Program Files\Common Files\Roxio Shared\DLLShared\;C:\Program Files\Common Files\Roxio Shared\9.0\DLLShared\
USERNAME=PC
OS=Windows_NT
PROCESSOR_IDENTIFIER=x86 Family 6 Model 14 Stepping 12, GenuineIntel



---------------  S Y S T E M  ---------------

OS: Windows Vista Build 6000 

CPU:total 2 family 6, cmov, cx8, fxsr, mmx, sse, sse2

Memory: 4k page, physical 1045952k(271984k free), swap 2351592k(1318112k free)

vm_info: Java HotSpot(TM) Client VM (1.6.0_01-b06) for windows-x86, built on Mar 14 2007 00:24:02 by "java_re" with unknown MS VC++:1310

