#
# An unexpected error has been detected by HotSpot Virtual Machine:
#
#  Internal Error (4A41564123414C4C530E4350500018), pid=5304, tid=6344
#
# Java VM: Java HotSpot(TM) Client VM (1.5.0_10-b03 mixed mode, sharing)

---------------  T H R E A D  ---------------

Current thread (0x00a6a5f8):  JavaThread "CompilerThread0" daemon [_thread_in_vm, id=6344]

Stack: [0x02bd0000,0x02c10000),  sp=0x02c0f5ec,  free space=253k
Native frames: (J=compiled Java code, j=interpreted, Vv=VM code, C=native code)
V  [jvm.dll+0x123343]
V  [jvm.dll+0x63a16]
V  [jvm.dll+0x86f58]
V  [jvm.dll+0x87542]
V  [jvm.dll+0xde804]
V  [jvm.dll+0x8744d]
V  [jvm.dll+0x8de03]
C  [awt.dll+0xb290a]
C  [MSVCRT.dll+0x1c3f9]
C  [MSVCRT.dll+0x1c42e]
V  [jvm.dll+0xdb143]
V  [jvm.dll+0x18a9]
V  [jvm.dll+0x2e596]
V  [jvm.dll+0x2e51e]
V  [jvm.dll+0x25950]
V  [jvm.dll+0x1a3f7]
V  [jvm.dll+0x1a704]
V  [jvm.dll+0x1a93c]
V  [jvm.dll+0x1afaf]
V  [jvm.dll+0x57a95]
V  [jvm.dll+0x577ba]
V  [jvm.dll+0x10fad4]
V  [jvm.dll+0x10faa2]
C  [MSVCRT.dll+0x2a3b0]
C  [kernel32.dll+0xb683]


Current CompileTask:
HotSpot Client Compiler: 80  !b  sun.nio.cs.SingleByteEncoder.encodeArrayLoop(Ljava/nio/CharBuffer;Ljava/nio/ByteBuffer;)Ljava/nio/charset/CoderResult; (475 bytes)


---------------  P R O C E S S  ---------------

Java Threads: ( => current thread )
  0x003a6290 JavaThread "DestroyJavaVM" [_thread_blocked, id=7564]
  0x00ac05e8 JavaThread "AWT-EventQueue-0" [_thread_blocked, id=4548]
  0x00ab94c0 JavaThread "AWT-Windows" daemon [_thread_in_native, id=832]
  0x00ab90a0 JavaThread "AWT-Shutdown" [_thread_blocked, id=6000]
  0x00ab7f10 JavaThread "Java2D Disposer" daemon [_thread_blocked, id=7196]
  0x00a6b978 JavaThread "Low Memory Detector" daemon [_thread_blocked, id=6960]
=>0x00a6a5f8 JavaThread "CompilerThread0" daemon [_thread_in_vm, id=6344]
  0x00a69958 JavaThread "Signal Dispatcher" daemon [_thread_blocked, id=6152]
  0x00a64818 JavaThread "Finalizer" daemon [_thread_blocked, id=8040]
  0x003afb30 JavaThread "Reference Handler" daemon [_thread_blocked, id=6612]

Other Threads:
  0x00a628d0 VMThread [id=8072]
  0x00a69800 WatcherThread [id=8136]

VM state:not at safepoint (normal execution)

VM Mutex/Monitor currently owned by a thread: None

Heap
 def new generation   total 576K, used 397K [0x22ad0000, 0x22b70000, 0x22fb0000)
  eden space 512K,  68% used [0x22ad0000, 0x22b27638, 0x22b50000)
  from space 64K,  74% used [0x22b60000, 0x22b6bf50, 0x22b70000)
  to   space 64K,   0% used [0x22b50000, 0x22b50000, 0x22b60000)
 tenured generation   total 1408K, used 350K [0x22fb0000, 0x23110000, 0x26ad0000)
   the space 1408K,  24% used [0x22fb0000, 0x23007b28, 0x23007c00, 0x23110000)
 compacting perm gen  total 8192K, used 147K [0x26ad0000, 0x272d0000, 0x2aad0000)
   the space 8192K,   1% used [0x26ad0000, 0x26af4e60, 0x26af5000, 0x272d0000)
    ro space 8192K,  63% used [0x2aad0000, 0x2afdeda8, 0x2afdee00, 0x2b2d0000)
    rw space 12288K,  46% used [0x2b2d0000, 0x2b8712b8, 0x2b871400, 0x2bed0000)

Dynamic libraries:
0x00400000 - 0x0040d000 	C:\Program Files\Java\jre1.5.0_10\bin\javaw.exe
0x7c900000 - 0x7c9af000 	C:\WINDOWS\system32\ntdll.dll
0x7c800000 - 0x7c8f4000 	C:\WINDOWS\system32\kernel32.dll
0x77dc0000 - 0x77e6b000 	C:\WINDOWS\system32\ADVAPI32.dll
0x77e70000 - 0x77f01000 	C:\WINDOWS\system32\RPCRT4.dll
0x77d30000 - 0x77dc0000 	C:\WINDOWS\system32\USER32.dll
0x77f10000 - 0x77f57000 	C:\WINDOWS\system32\GDI32.dll
0x77c00000 - 0x77c58000 	C:\WINDOWS\system32\MSVCRT.dll
0x6d630000 - 0x6d7cc000 	C:\Program Files\Java\jre1.5.0_10\bin\client\jvm.dll
0x76b30000 - 0x76b5d000 	C:\WINDOWS\system32\WINMM.dll
0x6d280000 - 0x6d288000 	C:\Program Files\Java\jre1.5.0_10\bin\hpi.dll
0x76be0000 - 0x76beb000 	C:\WINDOWS\system32\PSAPI.DLL
0x6d600000 - 0x6d60c000 	C:\Program Files\Java\jre1.5.0_10\bin\verify.dll
0x6d300000 - 0x6d31d000 	C:\Program Files\Java\jre1.5.0_10\bin\java.dll
0x6d620000 - 0x6d62f000 	C:\Program Files\Java\jre1.5.0_10\bin\zip.dll
0x6d000000 - 0x6d169000 	C:\Program Files\Java\jre1.5.0_10\bin\awt.dll
0x72fc0000 - 0x72fe6000 	C:\WINDOWS\system32\WINSPOOL.DRV
0x76370000 - 0x7638d000 	C:\WINDOWS\system32\IMM32.dll
0x774d0000 - 0x7760d000 	C:\WINDOWS\system32\ole32.dll
0x5b250000 - 0x5b288000 	C:\WINDOWS\system32\uxtheme.dll
0x73720000 - 0x73769000 	C:\WINDOWS\system32\ddraw.dll
0x73b80000 - 0x73b86000 	C:\WINDOWS\system32\DCIMAN32.dll
0x6d240000 - 0x6d280000 	C:\Program Files\Java\jre1.5.0_10\bin\fontmanager.dll
0x74e00000 - 0x74e6c000 	C:\WINDOWS\system32\RICHED20.DLL
0x7c9c0000 - 0x7d1d6000 	C:\WINDOWS\system32\SHELL32.DLL
0x77f60000 - 0x77fd6000 	C:\WINDOWS\system32\SHLWAPI.dll
0x773c0000 - 0x774c3000 	C:\WINDOWS\WinSxS\x86_Microsoft.Windows.Common-Controls_6595b64144ccf1df_6.0.2600.2982_x-ww_ac3f9c03\comctl32.dll
0x5d5a0000 - 0x5d63a000 	C:\WINDOWS\system32\comctl32.dll
0x76390000 - 0x763d9000 	C:\WINDOWS\system32\COMDLG32.DLL
0x77b30000 - 0x77b52000 	C:\WINDOWS\system32\appHelp.dll
0x76fc0000 - 0x7703f000 	C:\WINDOWS\system32\CLBCATQ.DLL
0x77040000 - 0x77109000 	C:\WINDOWS\system32\COMRes.dll
0x77110000 - 0x7719c000 	C:\WINDOWS\system32\OLEAUT32.dll
0x77bf0000 - 0x77bf8000 	C:\WINDOWS\system32\VERSION.dll
0x77a10000 - 0x77a64000 	C:\WINDOWS\System32\cscui.dll
0x765e0000 - 0x765fd000 	C:\WINDOWS\System32\CSCDLL.dll
0x75f60000 - 0x7605d000 	C:\WINDOWS\system32\browseui.dll
0x77910000 - 0x77a04000 	C:\WINDOWS\system32\SETUPAPI.dll
0x76980000 - 0x769a5000 	C:\WINDOWS\system32\ntshrui.dll
0x76b10000 - 0x76b21000 	C:\WINDOWS\system32\ATL.DLL
0x67270000 - 0x672c4000 	C:\WINDOWS\system32\NETAPI32.dll
0x769b0000 - 0x76a64000 	C:\WINDOWS\system32\USERENV.dll
0x76970000 - 0x76978000 	C:\WINDOWS\system32\LINKINFO.dll
0x763e0000 - 0x76586000 	C:\WINDOWS\system32\NETSHELL.dll
0x76e70000 - 0x76e7e000 	C:\WINDOWS\system32\rtutils.dll
0x76bf0000 - 0x76c1e000 	C:\WINDOWS\system32\credui.dll
0x71a90000 - 0x71aa7000 	C:\WINDOWS\system32\WS2_32.dll
0x71a80000 - 0x71a88000 	C:\WINDOWS\system32\WS2HELP.dll
0x76d50000 - 0x76d69000 	C:\WINDOWS\system32\iphlpapi.dll
0x7e1e0000 - 0x7e34f000 	C:\WINDOWS\system32\SHDOCVW.dll
0x77a70000 - 0x77b05000 	C:\WINDOWS\system32\CRYPT32.dll
0x77b10000 - 0x77b22000 	C:\WINDOWS\system32\MSASN1.dll
0x76660000 - 0x766e1000 	C:\WINDOWS\system32\CRYPTUI.dll
0x76c20000 - 0x76c4e000 	C:\WINDOWS\system32\WINTRUST.dll
0x76c80000 - 0x76ca8000 	C:\WINDOWS\system32\IMAGEHLP.dll
0x771a0000 - 0x77246000 	C:\WINDOWS\system32\WININET.dll
0x76f50000 - 0x76f7d000 	C:\WINDOWS\system32\WLDAP32.dll

VM Arguments:
java_command: pascal.TransForm
Launcher Type: SUN_STANDARD

Environment Variables:
CLASSPATH=.;.;C:\PROGRA~1\JMF21~1.1E\lib\sound.jar;C:\PROGRA~1\JMF21~1.1E\lib\jmf.jar;C:\PROGRA~1\JMF21~1.1E\lib;êjvmHˆ¿ystemroot\java\classes;.
PATH=C:\WINDOWS\system32;C:\WINDOWS;C:\WINDOWS\system32\WBEM;C:\siemens\SMTK\bin;C:\Program Files\Borland\Delphi7\Bin;C:\Program Files\Borland\Delphi7\Projects\Bpl\;C:\Inprise\vbroker\bin;C:\PROGRA~1\Borland\Delphi6\Bin;C:\PROGRA~1\Borland\Delphi6\Projects\Bpl;C:\Program Files\VoiceAge\Common;C:\Program Files\Common Files\GTK\2.0\bin;C:\Program Files\Microsoft SQL Server\90\Tools\binn\
USERNAME=PC
OS=Windows_NT
PROCESSOR_IDENTIFIER=x86 Family 15 Model 1 Stepping 3, GenuineIntel



---------------  S Y S T E M  ---------------

OS: Windows XP Build 2600 Service Pack 2

CPU:total 1 (cores per cpu 1, threads per core 1) family 15 model 1 stepping 3, cmov, cx8, fxsr, mmx, sse, sse2

Memory: 4k page, physical 523760k(59708k free), swap 2066164k(5120k free)

vm_info: Java HotSpot(TM) Client VM (1.5.0_10-b03) for windows-x86, built on Nov  9 2006 13:13:34 by "java_re" with MS VC++ 6.0

