#
# An unexpected error has been detected by Java Runtime Environment:
#
#  EXCEPTION_ACCESS_VIOLATION (0xc0000005) at pc=0x6d386abd, pid=4888, tid=4696
#
# Java VM: Java HotSpot(TM) Client VM (1.6.0_01-b06 mixed mode, sharing)
# Problematic frame:
# C  [fontmanager.dll+0x26abd]
#
# If you would like to submit a bug report, please visit:
#   http://java.sun.com/webapps/bugreport/crash.jsp
#

---------------  T H R E A D  ---------------

Current thread (0x019ce800):  JavaThread "Thread-2" [_thread_in_native, id=4696]

siginfo: ExceptionCode=0xc0000005, reading address 0x41100004

Registers:
EAX=0xff0000ff, EBX=0x00000000, ECX=0x23d6f380, EDX=0x019ce8e8
ESP=0x041af894, EBP=0x041af8b8, ESI=0x41100000, EDI=0x0456c370
EIP=0x6d386abd, EFLAGS=0x00010246

Top of Stack: (sp=0x041af894)
0x041af894:   019ce800 041af8d4 00000000 041af8dc
0x041af8a4:   2c1b1158 041af8e8 01a90d78 23d6f380
0x041af8b4:   00000000 041af8e8 01ad14a7 019ce8e8
0x041af8c4:   041af8d4 0456c370 00000000 00000015
0x041af8d4:   23d6f380 2392e0b8 00000001 00000000
0x041af8e4:   00000001 041af918 01a8e308 0456c370
0x041af8f4:   00000000 041af938 6d8bd6e9 00000001
0x041af904:   00000000 2392e0e0 23d70290 00000000 

Instructions: (pc=0x6d386abd)
0x6d386aad:   18 83 65 fc 00 53 56 57 8b 7d 10 8b 47 30 8b 37
0x6d386abd:   8b 5e 04 89 45 14 8b 47 48 89 45 f0 8b 47 4c 83 


Stack: [0x04160000,0x041b0000),  sp=0x041af894,  free space=318k
Native frames: (J=compiled Java code, j=interpreted, Vv=VM code, C=native code)
C  [fontmanager.dll+0x26abd]
J  sun.font.FileFont.getGlyphImage(JI)J
J  sun.font.FileFontStrike.getGlyphImagePtrs([I[JI)V
J  sun.font.GlyphList.mapChars(Lsun/java2d/loops/FontInfo;I)Z
J  sun.font.GlyphList.setFromString(Lsun/java2d/loops/FontInfo;Ljava/lang/String;FF)Z
J  sun.java2d.pipe.GlyphListPipe.drawString(Lsun/java2d/SunGraphics2D;Ljava/lang/String;DD)V
J  sun.java2d.SunGraphics2D.drawString(Ljava/lang/String;II)V
j  soccer.Pitch.paintField(Ljava/awt/Graphics;)V+140
j  soccer.Pitch.flushGraphics()V+20
j  soccer.Pitch.run()V+42
j  java.lang.Thread.run()V+11
v  ~StubRoutines::call_stub

Java frames: (J=compiled Java code, j=interpreted, Vv=VM code)
J  sun.font.FileFont.getGlyphImage(JI)J
J  sun.font.FileFontStrike.getGlyphImagePtrs([I[JI)V
J  sun.font.GlyphList.mapChars(Lsun/java2d/loops/FontInfo;I)Z
J  sun.font.GlyphList.setFromString(Lsun/java2d/loops/FontInfo;Ljava/lang/String;FF)Z
J  sun.java2d.pipe.GlyphListPipe.drawString(Lsun/java2d/SunGraphics2D;Ljava/lang/String;DD)V
J  sun.java2d.SunGraphics2D.drawString(Ljava/lang/String;II)V
j  soccer.Pitch.paintField(Ljava/awt/Graphics;)V+140
j  soccer.Pitch.flushGraphics()V+20
j  soccer.Pitch.run()V+42
j  java.lang.Thread.run()V+11
v  ~StubRoutines::call_stub

---------------  P R O C E S S  ---------------

Java Threads: ( => current thread )
  0x015c7000 JavaThread "DestroyJavaVM" [_thread_blocked, id=3632]
=>0x019ce800 JavaThread "Thread-2" [_thread_in_native, id=4696]
  0x019c8c00 JavaThread "AWT-EventQueue-0" [_thread_blocked, id=4660]
  0x019c4c00 JavaThread "AWT-Windows" daemon [_thread_in_native, id=3656]
  0x019c4400 JavaThread "AWT-Shutdown" [_thread_blocked, id=2316]
  0x019c1800 JavaThread "Java2D Disposer" daemon [_thread_blocked, id=5772]
  0x0194dc00 JavaThread "Low Memory Detector" daemon [_thread_blocked, id=1876]
  0x01949c00 JavaThread "CompilerThread0" daemon [_thread_blocked, id=5336]
  0x01949400 JavaThread "Attach Listener" daemon [_thread_blocked, id=4020]
  0x01948c00 JavaThread "Signal Dispatcher" daemon [_thread_blocked, id=2892]
  0x0190f000 JavaThread "Finalizer" daemon [_thread_blocked, id=3768]
  0x01902c00 JavaThread "Reference Handler" daemon [_thread_blocked, id=4732]

Other Threads:
  0x018f9c00 VMThread [id=3900]
  0x0194f400 WatcherThread [id=4404]

VM state:not at safepoint (normal execution)

VM Mutex/Monitor currently owned by a thread: None

Heap
 def new generation   total 1792K, used 1212K [0x23800000, 0x239f0000, 0x23ce0000)
  eden space 1600K,  75% used [0x23800000, 0x2392e848, 0x23990000)
  from space 192K,   1% used [0x23990000, 0x23990b00, 0x239c0000)
  to   space 192K,   0% used [0x239c0000, 0x239c0000, 0x239f0000)
 tenured generation   total 23304K, used 18990K [0x23ce0000, 0x253a2000, 0x27800000)
   the space 23304K,  81% used [0x23ce0000, 0x24f6ba40, 0x24f6bc00, 0x253a2000)
 compacting perm gen  total 12288K, used 292K [0x27800000, 0x28400000, 0x2b800000)
   the space 12288K,   2% used [0x27800000, 0x27849070, 0x27849200, 0x28400000)
    ro space 8192K,  66% used [0x2b800000, 0x2bd4c5d0, 0x2bd4c600, 0x2c000000)
    rw space 12288K,  52% used [0x2c000000, 0x2c648c98, 0x2c648e00, 0x2cc00000)

Dynamic libraries:
0x00400000 - 0x00423000 	C:\Program Files\Java\jdk1.6.0_01\jre\bin\java.exe
0x773e0000 - 0x774fe000 	C:\Windows\system32\ntdll.dll
0x76fe0000 - 0x770b8000 	C:\Windows\system32\kernel32.dll
0x76bd0000 - 0x76c8f000 	C:\Windows\system32\ADVAPI32.dll
0x77150000 - 0x77213000 	C:\Windows\system32\RPCRT4.dll
0x7c340000 - 0x7c396000 	C:\Program Files\Java\jdk1.6.0_01\jre\bin\msvcr71.dll
0x6d870000 - 0x6dab7000 	C:\Program Files\Java\jdk1.6.0_01\jre\bin\client\jvm.dll
0x77270000 - 0x7730e000 	C:\Windows\system32\USER32.dll
0x76ad0000 - 0x76b1b000 	C:\Windows\system32\GDI32.dll
0x747c0000 - 0x747f3000 	C:\Windows\system32\WINMM.dll
0x769f0000 - 0x76a9a000 	C:\Windows\system32\msvcrt.dll
0x768a0000 - 0x769e4000 	C:\Windows\system32\ole32.dll
0x77590000 - 0x7761c000 	C:\Windows\system32\OLEAUT32.dll
0x74760000 - 0x74798000 	C:\Windows\system32\OLEACC.dll
0x76bb0000 - 0x76bce000 	C:\Windows\system32\IMM32.DLL
0x77310000 - 0x773d7000 	C:\Windows\system32\MSCTF.dll
0x75ad0000 - 0x75afc000 	C:\Windows\system32\apphelp.dll
0x76b20000 - 0x76b29000 	C:\Windows\system32\LPK.DLL
0x76b30000 - 0x76bad000 	C:\Windows\system32\USP10.dll
0x6d3c0000 - 0x6d3c8000 	C:\Program Files\Java\jdk1.6.0_01\jre\bin\hpi.dll
0x75c00000 - 0x75c07000 	C:\Windows\system32\PSAPI.DLL
0x6d820000 - 0x6d82c000 	C:\Program Files\Java\jdk1.6.0_01\jre\bin\verify.dll
0x6d460000 - 0x6d47f000 	C:\Program Files\Java\jdk1.6.0_01\jre\bin\java.dll
0x6d860000 - 0x6d86f000 	C:\Program Files\Java\jdk1.6.0_01\jre\bin\zip.dll
0x6d0b0000 - 0x6d273000 	C:\Program Files\Java\jdk1.6.0_01\jre\bin\awt.dll
0x726c0000 - 0x72701000 	C:\Windows\system32\WINSPOOL.DRV
0x74d30000 - 0x74d6f000 	C:\Windows\system32\uxtheme.dll
0x6d360000 - 0x6d3b3000 	C:\Program Files\Java\jdk1.6.0_01\jre\bin\fontmanager.dll
0x75dd0000 - 0x7689e000 	C:\Windows\system32\shell32.dll
0x76df0000 - 0x76e45000 	C:\Windows\system32\SHLWAPI.dll
0x74a30000 - 0x74bc4000 	C:\Windows\WinSxS\x86_microsoft.windows.common-controls_6595b64144ccf1df_6.0.6000.16386_none_5d07289e07e1d100\comctl32.dll
0x6d2a0000 - 0x6d2cf000 	C:\Program Files\Java\jdk1.6.0_01\jre\bin\cmm.dll
0x6d620000 - 0x6d633000 	C:\Program Files\Java\jdk1.6.0_01\jre\bin\net.dll
0x76aa0000 - 0x76acd000 	C:\Windows\system32\WS2_32.dll
0x76d10000 - 0x76d16000 	C:\Windows\system32\NSI.dll
0x75330000 - 0x7536b000 	C:\Windows\system32\mswsock.dll
0x75390000 - 0x75396000 	C:\Windows\System32\wship6.dll
0x6d640000 - 0x6d649000 	C:\Program Files\Java\jdk1.6.0_01\jre\bin\nio.dll

VM Arguments:
jvm_args: -Djava.security.policy=applet.policy
java_command: soccer.Main
Launcher Type: SUN_STANDARD

Environment Variables:
PATH=C:\Windows\system32;C:\Windows;C:\Windows\System32\Wbem;C:\Program Files\Common Files\Roxio Shared\DLLShared\;C:\Program Files\Common Files\Roxio Shared\DLLShared\;C:\Program Files\Common Files\Roxio Shared\9.0\DLLShared\;C:\Program Files\Common Files\GTK\2.0\bin
USERNAME=PC
OS=Windows_NT
PROCESSOR_IDENTIFIER=x86 Family 6 Model 14 Stepping 12, GenuineIntel



---------------  S Y S T E M  ---------------

OS: Windows Vista Build 6000 

CPU:total 2 family 6, cmov, cx8, fxsr, mmx, sse, sse2

Memory: 4k page, physical 1045952k(159736k free), swap 2351596k(858740k free)

vm_info: Java HotSpot(TM) Client VM (1.6.0_01-b06) for windows-x86, built on Mar 14 2007 00:24:02 by "java_re" with unknown MS VC++:1310

