#
# An unexpected error has been detected by Java Runtime Environment:
#
#  EXCEPTION_ACCESS_VIOLATION (0xc0000005) at pc=0x6d386abd, pid=4492, tid=2164
#
# Java VM: Java HotSpot(TM) Client VM (1.6.0_01-b06 mixed mode, sharing)
# Problematic frame:
# C  [fontmanager.dll+0x26abd]
#
# If you would like to submit a bug report, please visit:
#   http://java.sun.com/webapps/bugreport/crash.jsp
#

---------------  T H R E A D  ---------------

Current thread (0x01822c00):  JavaThread "Thread-2" [_thread_in_native, id=2164]

siginfo: ExceptionCode=0xc0000005, reading address 0x411000de

Registers:
EAX=0xff000000, EBX=0x00000000, ECX=0x23d70e20, EDX=0x01822ce8
ESP=0x0439fa24, EBP=0x0439fa48, ESI=0x411000da, EDI=0x03c3fa98
EIP=0x6d386abd, EFLAGS=0x00010246

Top of Stack: (sp=0x0439fa24)
0x0439fa24:   01822c00 0439fa64 00000000 23801b50
0x0439fa34:   23d70e20 0439fa78 01966a38 23d70e20
0x0439fa44:   00000000 0439fa78 0199d067 01822ce8
0x0439fa54:   0439fa64 03c3fa98 00000000 00000014
0x0439fa64:   23d70e20 0439faf8 00000001 00000000
0x0439fa74:   00000001 0439faa8 01963fc8 03c3fa98
0x0439fa84:   00000000 0439fac8 6d8bd6e9 00000001
0x0439fa94:   00000000 23801b78 23d71ad8 00000000 

Instructions: (pc=0x6d386abd)
0x6d386aad:   18 83 65 fc 00 53 56 57 8b 7d 10 8b 47 30 8b 37
0x6d386abd:   8b 5e 04 89 45 14 8b 47 48 89 45 f0 8b 47 4c 83 


Stack: [0x04350000,0x043a0000),  sp=0x0439fa24,  free space=318k
Native frames: (J=compiled Java code, j=interpreted, Vv=VM code, C=native code)
C  [fontmanager.dll+0x26abd]
J  sun.font.FileFont.getGlyphImage(JI)J
J  sun.font.FileFontStrike.getGlyphImagePtrs([I[JI)V
J  sun.font.GlyphList.mapChars(Lsun/java2d/loops/FontInfo;I)Z
J  sun.font.GlyphList.setFromString(Lsun/java2d/loops/FontInfo;Ljava/lang/String;FF)Z
J  sun.java2d.pipe.GlyphListPipe.drawString(Lsun/java2d/SunGraphics2D;Ljava/lang/String;DD)V
J  sun.java2d.SunGraphics2D.drawString(Ljava/lang/String;II)V
J  soccer.Pitch.paintField(Ljava/awt/Graphics;)V
J  soccer.Pitch.flushGraphics()V
j  soccer.Pitch.run()V+42
j  java.lang.Thread.run()V+11
v  ~StubRoutines::call_stub

Java frames: (J=compiled Java code, j=interpreted, Vv=VM code)
J  sun.font.FileFont.getGlyphImage(JI)J
J  sun.font.FileFontStrike.getGlyphImagePtrs([I[JI)V
J  sun.font.GlyphList.mapChars(Lsun/java2d/loops/FontInfo;I)Z
J  sun.font.GlyphList.setFromString(Lsun/java2d/loops/FontInfo;Ljava/lang/String;FF)Z
J  sun.java2d.pipe.GlyphListPipe.drawString(Lsun/java2d/SunGraphics2D;Ljava/lang/String;DD)V
J  sun.java2d.SunGraphics2D.drawString(Ljava/lang/String;II)V
J  soccer.Pitch.paintField(Ljava/awt/Graphics;)V
J  soccer.Pitch.flushGraphics()V
j  soccer.Pitch.run()V+42
j  java.lang.Thread.run()V+11
v  ~StubRoutines::call_stub

---------------  P R O C E S S  ---------------

Java Threads: ( => current thread )
  0x01823000 JavaThread "DestroyJavaVM" [_thread_blocked, id=4820]
=>0x01822c00 JavaThread "Thread-2" [_thread_in_native, id=2164]
  0x01822800 JavaThread "AWT-EventQueue-0" [_thread_blocked, id=4212]
  0x01822000 JavaThread "AWT-Windows" daemon [_thread_in_native, id=1060]
  0x01821c00 JavaThread "AWT-Shutdown" [_thread_blocked, id=3124]
  0x01821400 JavaThread "Java2D Disposer" daemon [_thread_blocked, id=2116]
  0x01821000 JavaThread "Low Memory Detector" daemon [_thread_blocked, id=3312]
  0x0181bc00 JavaThread "CompilerThread0" daemon [_thread_blocked, id=3464]
  0x01819400 JavaThread "Attach Listener" daemon [_thread_blocked, id=4640]
  0x01818c00 JavaThread "Signal Dispatcher" daemon [_thread_blocked, id=4744]
  0x017df000 JavaThread "Finalizer" daemon [_thread_blocked, id=4496]
  0x017d3000 JavaThread "Reference Handler" daemon [_thread_blocked, id=4796]

Other Threads:
  0x017c9c00 VMThread [id=2748]
  0x01832400 WatcherThread [id=1164]

VM state:not at safepoint (normal execution)

VM Mutex/Monitor currently owned by a thread: None

Heap
 def new generation   total 1152K, used 22K [0x23800000, 0x23940000, 0x23ce0000)
  eden space 1024K,   2% used [0x23800000, 0x238059e0, 0x23900000)
  from space 128K,   0% used [0x23920000, 0x23920000, 0x23940000)
  to   space 128K,   0% used [0x23900000, 0x23900000, 0x23920000)
 tenured generation   total 14752K, used 8117K [0x23ce0000, 0x24b48000, 0x27800000)
   the space 14752K,  55% used [0x23ce0000, 0x244cd5a0, 0x244cd600, 0x24b48000)
 compacting perm gen  total 12288K, used 435K [0x27800000, 0x28400000, 0x2b800000)
   the space 12288K,   3% used [0x27800000, 0x2786cef0, 0x2786d000, 0x28400000)
    ro space 8192K,  66% used [0x2b800000, 0x2bd4c5d0, 0x2bd4c600, 0x2c000000)
    rw space 12288K,  52% used [0x2c000000, 0x2c648c98, 0x2c648e00, 0x2cc00000)

Dynamic libraries:
0x00400000 - 0x00423000 	C:\Program Files\Java\jdk1.6.0_01\jre\bin\java.exe
0x76e50000 - 0x76f6e000 	C:\Windows\system32\ntdll.dll
0x76be0000 - 0x76cb8000 	C:\Windows\system32\kernel32.dll
0x76d90000 - 0x76e4f000 	C:\Windows\system32\ADVAPI32.dll
0x76cc0000 - 0x76d83000 	C:\Windows\system32\RPCRT4.dll
0x7c340000 - 0x7c396000 	C:\Program Files\Java\jdk1.6.0_01\jre\bin\msvcr71.dll
0x6d870000 - 0x6dab7000 	C:\Program Files\Java\jdk1.6.0_01\jre\bin\client\jvm.dll
0x76a70000 - 0x76b0e000 	C:\Windows\system32\USER32.dll
0x76830000 - 0x7687b000 	C:\Windows\system32\GDI32.dll
0x74220000 - 0x74253000 	C:\Windows\system32\WINMM.dll
0x76fb0000 - 0x7705a000 	C:\Windows\system32\msvcrt.dll
0x75a60000 - 0x75ba4000 	C:\Windows\system32\ole32.dll
0x769e0000 - 0x76a6c000 	C:\Windows\system32\OLEAUT32.dll
0x741e0000 - 0x74218000 	C:\Windows\system32\OLEACC.dll
0x76f90000 - 0x76fae000 	C:\Windows\system32\IMM32.DLL
0x75990000 - 0x75a57000 	C:\Windows\system32\MSCTF.dll
0x75540000 - 0x7556c000 	C:\Windows\system32\apphelp.dll
0x75710000 - 0x75719000 	C:\Windows\system32\LPK.DLL
0x76960000 - 0x769dd000 	C:\Windows\system32\USP10.dll
0x6d3c0000 - 0x6d3c8000 	C:\Program Files\Java\jdk1.6.0_01\jre\bin\hpi.dll
0x75670000 - 0x75677000 	C:\Windows\system32\PSAPI.DLL
0x6d820000 - 0x6d82c000 	C:\Program Files\Java\jdk1.6.0_01\jre\bin\verify.dll
0x6d460000 - 0x6d47f000 	C:\Program Files\Java\jdk1.6.0_01\jre\bin\java.dll
0x6d860000 - 0x6d86f000 	C:\Program Files\Java\jdk1.6.0_01\jre\bin\zip.dll
0x6d0b0000 - 0x6d273000 	C:\Program Files\Java\jdk1.6.0_01\jre\bin\awt.dll
0x71f60000 - 0x71fa1000 	C:\Windows\system32\WINSPOOL.DRV
0x747b0000 - 0x747ef000 	C:\Windows\system32\uxtheme.dll
0x6d360000 - 0x6d3b3000 	C:\Program Files\Java\jdk1.6.0_01\jre\bin\fontmanager.dll
0x75d30000 - 0x767fe000 	C:\Windows\system32\shell32.dll
0x75720000 - 0x75775000 	C:\Windows\system32\SHLWAPI.dll
0x744b0000 - 0x74644000 	C:\Windows\WinSxS\x86_microsoft.windows.common-controls_6595b64144ccf1df_6.0.6000.16386_none_5d07289e07e1d100\comctl32.dll
0x6d2a0000 - 0x6d2cf000 	C:\Program Files\Java\jdk1.6.0_01\jre\bin\cmm.dll
0x6d620000 - 0x6d633000 	C:\Program Files\Java\jdk1.6.0_01\jre\bin\net.dll
0x76800000 - 0x7682d000 	C:\Windows\system32\WS2_32.dll
0x76f70000 - 0x76f76000 	C:\Windows\system32\NSI.dll
0x74da0000 - 0x74ddb000 	C:\Windows\system32\mswsock.dll
0x74e00000 - 0x74e06000 	C:\Windows\System32\wship6.dll
0x6d640000 - 0x6d649000 	C:\Program Files\Java\jdk1.6.0_01\jre\bin\nio.dll

VM Arguments:
jvm_args: -Djava.security.policy=applet.policy
java_command: soccer.Main
Launcher Type: SUN_STANDARD

Environment Variables:
CLASSPATH=.;.;C:\PROGRA~1\JMF21~1.1E\lib\sound.jar;C:\PROGRA~1\JMF21~1.1E\lib\jmf.jar;C:\PROGRA~1\JMF21~1.1E\lib;
PATH=C:\Windows\system32;C:\Windows;C:\Windows\System32\Wbem;C:\Program Files\Common Files\Roxio Shared\DLLShared\;C:\Program Files\Common Files\Roxio Shared\DLLShared\;C:\Program Files\Common Files\Roxio Shared\9.0\DLLShared\;C:\Program Files\Common Files\GTK\2.0\bin
USERNAME=PC
OS=Windows_NT
PROCESSOR_IDENTIFIER=x86 Family 6 Model 14 Stepping 12, GenuineIntel



---------------  S Y S T E M  ---------------

OS: Windows Vista Build 6000 

CPU:total 2 family 6, cmov, cx8, fxsr, mmx, sse, sse2

Memory: 4k page, physical 1045952k(237964k free), swap 2364644k(1362296k free)

vm_info: Java HotSpot(TM) Client VM (1.6.0_01-b06) for windows-x86, built on Mar 14 2007 00:24:02 by "java_re" with unknown MS VC++:1310

