#
# An unexpected error has been detected by Java Runtime Environment:
#
#  EXCEPTION_ACCESS_VIOLATION (0xc0000005) at pc=0x6d386abd, pid=2792, tid=6124
#
# Java VM: Java HotSpot(TM) Client VM (1.6.0_01-b06 mixed mode, sharing)
# Problematic frame:
# C  [fontmanager.dll+0x26abd]
#
# If you would like to submit a bug report, please visit:
#   http://java.sun.com/webapps/bugreport/crash.jsp
#

---------------  T H R E A D  ---------------

Current thread (0x01892c00):  JavaThread "Thread-2" [_thread_in_native, id=6124]

siginfo: ExceptionCode=0xc0000005, reading address 0x40a00004

Registers:
EAX=0xffffffff, EBX=0x00000000, ECX=0x23d74298, EDX=0x01892ce8
ESP=0x043bf894, EBP=0x043bf8b8, ESI=0x40a00000, EDI=0x018f47c8
EIP=0x6d386abd, EFLAGS=0x00010246

Top of Stack: (sp=0x043bf894)
0x043bf894:   01892c00 043bf8d4 00000000 043bf8dc
0x043bf8a4:   2c1b1158 043bf8e8 01a854f8 23d74298
0x043bf8b4:   00000000 043bf8e8 01ac7a27 01892ce8
0x043bf8c4:   043bf8d4 018f47c8 00000000 00000017
0x043bf8d4:   23d74298 2381cf70 00000001 00000000
0x043bf8e4:   00000001 043bf918 01a82a88 018f47c8
0x043bf8f4:   00000000 043bf938 6d8bd6e9 00000001
0x043bf904:   00000000 2381cf98 23d74b28 00000000 

Instructions: (pc=0x6d386abd)
0x6d386aad:   18 83 65 fc 00 53 56 57 8b 7d 10 8b 47 30 8b 37
0x6d386abd:   8b 5e 04 89 45 14 8b 47 48 89 45 f0 8b 47 4c 83 


Stack: [0x04370000,0x043c0000),  sp=0x043bf894,  free space=318k
Native frames: (J=compiled Java code, j=interpreted, Vv=VM code, C=native code)
C  [fontmanager.dll+0x26abd]
J  sun.font.FileFont.getGlyphImage(JI)J
J  sun.font.FileFontStrike.getGlyphImagePtrs([I[JI)V
J  sun.font.GlyphList.mapChars(Lsun/java2d/loops/FontInfo;I)Z
J  sun.font.GlyphList.setFromString(Lsun/java2d/loops/FontInfo;Ljava/lang/String;FF)Z
J  sun.java2d.pipe.GlyphListPipe.drawString(Lsun/java2d/SunGraphics2D;Ljava/lang/String;DD)V
J  sun.java2d.SunGraphics2D.drawString(Ljava/lang/String;II)V
j  soccer.Pitch.paintField(Ljava/awt/Graphics;)V+140
j  soccer.Pitch.flushGraphics()V+20
j  soccer.Pitch.run()V+42
j  java.lang.Thread.run()V+11
v  ~StubRoutines::call_stub

Java frames: (J=compiled Java code, j=interpreted, Vv=VM code)
J  sun.font.FileFont.getGlyphImage(JI)J
J  sun.font.FileFontStrike.getGlyphImagePtrs([I[JI)V
J  sun.font.GlyphList.mapChars(Lsun/java2d/loops/FontInfo;I)Z
J  sun.font.GlyphList.setFromString(Lsun/java2d/loops/FontInfo;Ljava/lang/String;FF)Z
J  sun.java2d.pipe.GlyphListPipe.drawString(Lsun/java2d/SunGraphics2D;Ljava/lang/String;DD)V
J  sun.java2d.SunGraphics2D.drawString(Ljava/lang/String;II)V
j  soccer.Pitch.paintField(Ljava/awt/Graphics;)V+140
j  soccer.Pitch.flushGraphics()V+20
j  soccer.Pitch.run()V+42
j  java.lang.Thread.run()V+11
v  ~StubRoutines::call_stub

---------------  P R O C E S S  ---------------

Java Threads: ( => current thread )
  0x01893000 JavaThread "DestroyJavaVM" [_thread_blocked, id=4448]
=>0x01892c00 JavaThread "Thread-2" [_thread_in_native, id=6124]
  0x01892800 JavaThread "AWT-EventQueue-0" [_thread_blocked, id=4648]
  0x01892000 JavaThread "AWT-Windows" daemon [_thread_in_native, id=5156]
  0x01891c00 JavaThread "AWT-Shutdown" [_thread_blocked, id=4340]
  0x01891400 JavaThread "Java2D Disposer" daemon [_thread_blocked, id=5932]
  0x01891000 JavaThread "Low Memory Detector" daemon [_thread_blocked, id=5924]
  0x0188bc00 JavaThread "CompilerThread0" daemon [_thread_blocked, id=1500]
  0x01889400 JavaThread "Attach Listener" daemon [_thread_blocked, id=6072]
  0x01888c00 JavaThread "Signal Dispatcher" daemon [_thread_blocked, id=6012]
  0x0184f000 JavaThread "Finalizer" daemon [_thread_blocked, id=4388]
  0x01843000 JavaThread "Reference Handler" daemon [_thread_blocked, id=4432]

Other Threads:
  0x01839c00 VMThread [id=4660]
  0x018a2400 WatcherThread [id=544]

VM state:not at safepoint (normal execution)

VM Mutex/Monitor currently owned by a thread: None

Heap
 def new generation   total 1024K, used 121K [0x23800000, 0x23910000, 0x23ce0000)
  eden space 960K,  12% used [0x23800000, 0x2381e5e0, 0x238f0000)
  from space 64K,   0% used [0x238f0000, 0x238f0000, 0x23900000)
  to   space 64K,   0% used [0x23900000, 0x23900000, 0x23910000)
 tenured generation   total 12572K, used 10378K [0x23ce0000, 0x24927000, 0x27800000)
   the space 12572K,  82% used [0x23ce0000, 0x247029f8, 0x24702a00, 0x24927000)
 compacting perm gen  total 12288K, used 304K [0x27800000, 0x28400000, 0x2b800000)
   the space 12288K,   2% used [0x27800000, 0x2784c338, 0x2784c400, 0x28400000)
    ro space 8192K,  66% used [0x2b800000, 0x2bd4c5d0, 0x2bd4c600, 0x2c000000)
    rw space 12288K,  52% used [0x2c000000, 0x2c648c98, 0x2c648e00, 0x2cc00000)

Dynamic libraries:
0x00400000 - 0x00423000 	C:\Program Files\Java\jdk1.6.0_01\jre\bin\java.exe
0x77760000 - 0x7787e000 	C:\Windows\system32\ntdll.dll
0x76fb0000 - 0x77088000 	C:\Windows\system32\kernel32.dll
0x77440000 - 0x774ff000 	C:\Windows\system32\ADVAPI32.dll
0x77370000 - 0x77433000 	C:\Windows\system32\RPCRT4.dll
0x7c340000 - 0x7c396000 	C:\Program Files\Java\jdk1.6.0_01\jre\bin\msvcr71.dll
0x6d870000 - 0x6dab7000 	C:\Program Files\Java\jdk1.6.0_01\jre\bin\client\jvm.dll
0x77890000 - 0x7792e000 	C:\Windows\system32\USER32.dll
0x77580000 - 0x775cb000 	C:\Windows\system32\GDI32.dll
0x74a50000 - 0x74a83000 	C:\Windows\system32\WINMM.dll
0x77110000 - 0x771ba000 	C:\Windows\system32\msvcrt.dll
0x76df0000 - 0x76f34000 	C:\Windows\system32\ole32.dll
0x771c0000 - 0x7724c000 	C:\Windows\system32\OLEAUT32.dll
0x74830000 - 0x74868000 	C:\Windows\system32\OLEACC.dll
0x76f40000 - 0x76f5e000 	C:\Windows\system32\IMM32.DLL
0x76d20000 - 0x76de7000 	C:\Windows\system32\MSCTF.dll
0x75e50000 - 0x75e7c000 	C:\Windows\system32\apphelp.dll
0x77930000 - 0x77939000 	C:\Windows\system32\LPK.DLL
0x77500000 - 0x7757d000 	C:\Windows\system32\USP10.dll
0x6d3c0000 - 0x6d3c8000 	C:\Program Files\Java\jdk1.6.0_01\jre\bin\hpi.dll
0x75f80000 - 0x75f87000 	C:\Windows\system32\PSAPI.DLL
0x6d820000 - 0x6d82c000 	C:\Program Files\Java\jdk1.6.0_01\jre\bin\verify.dll
0x6d460000 - 0x6d47f000 	C:\Program Files\Java\jdk1.6.0_01\jre\bin\java.dll
0x6d860000 - 0x6d86f000 	C:\Program Files\Java\jdk1.6.0_01\jre\bin\zip.dll
0x6d0b0000 - 0x6d273000 	C:\Program Files\Java\jdk1.6.0_01\jre\bin\awt.dll
0x71a30000 - 0x71a71000 	C:\Windows\system32\WINSPOOL.DRV
0x750c0000 - 0x750ff000 	C:\Windows\system32\uxtheme.dll
0x6d360000 - 0x6d3b3000 	C:\Program Files\Java\jdk1.6.0_01\jre\bin\fontmanager.dll
0x761f0000 - 0x76cbe000 	C:\Windows\system32\shell32.dll
0x77940000 - 0x77995000 	C:\Windows\system32\SHLWAPI.dll
0x74dc0000 - 0x74f54000 	C:\Windows\WinSxS\x86_microsoft.windows.common-controls_6595b64144ccf1df_6.0.6000.16386_none_5d07289e07e1d100\comctl32.dll
0x6d2a0000 - 0x6d2cf000 	C:\Program Files\Java\jdk1.6.0_01\jre\bin\cmm.dll
0x6d620000 - 0x6d633000 	C:\Program Files\Java\jdk1.6.0_01\jre\bin\net.dll
0x76cc0000 - 0x76ced000 	C:\Windows\system32\WS2_32.dll
0x77880000 - 0x77886000 	C:\Windows\system32\NSI.dll
0x756b0000 - 0x756eb000 	C:\Windows\system32\mswsock.dll
0x75710000 - 0x75716000 	C:\Windows\System32\wship6.dll
0x6d640000 - 0x6d649000 	C:\Program Files\Java\jdk1.6.0_01\jre\bin\nio.dll

VM Arguments:
jvm_args: -Djava.security.policy=applet.policy
java_command: soccer.Main
Launcher Type: SUN_STANDARD

Environment Variables:
CLASSPATH=.;.;C:\PROGRA~1\JMF21~1.1E\lib\sound.jar;C:\PROGRA~1\JMF21~1.1E\lib\jmf.jar;C:\PROGRA~1\JMF21~1.1E\lib;
PATH=C:\Windows\system32;C:\Windows;C:\Windows\System32\Wbem;C:\Program Files\Common Files\Roxio Shared\DLLShared\;C:\Program Files\Common Files\Roxio Shared\DLLShared\;C:\Program Files\Common Files\Roxio Shared\9.0\DLLShared\;C:\Program Files\Common Files\GTK\2.0\bin
USERNAME=PC
OS=Windows_NT
PROCESSOR_IDENTIFIER=x86 Family 6 Model 14 Stepping 12, GenuineIntel



---------------  S Y S T E M  ---------------

OS: Windows Vista Build 6000 

CPU:total 2 family 6, cmov, cx8, fxsr, mmx, sse, sse2

Memory: 4k page, physical 1045952k(255420k free), swap 2364644k(1352156k free)

vm_info: Java HotSpot(TM) Client VM (1.6.0_01-b06) for windows-x86, built on Mar 14 2007 00:24:02 by "java_re" with unknown MS VC++:1310

